TN:
SF:contracts/EnsoBeacon.sol
FN:61,EnsoBeacon.implementation
FNDA:1075,EnsoBeacon.implementation
DA:62,1075
FN:65,EnsoBeacon.emergencyUpgrade
FNDA:1,EnsoBeacon.emergencyUpgrade
DA:66,1
DA:67,1
FN:70,EnsoBeacon.finalizeUpgrade
FNDA:2,EnsoBeacon.finalizeUpgrade
DA:72,2
DA:73,2
BRDA:73,0,0,-
BRDA:73,0,1,2
DA:74,2
BRDA:74,1,0,-
BRDA:74,1,1,2
DA:75,2
DA:77,2
DA:78,2
DA:79,2
DA:80,2
BRDA:80,2,0,-
BRDA:80,2,1,2
DA:81,2
DA:82,2
DA:83,2
DA:85,2
DA:86,2
BRDA:86,3,0,-
BRDA:86,3,1,1
DA:87,1
BRDA:87,4,0,-
BRDA:87,4,1,-
DA:88,0
DA:90,1
FN:95,EnsoBeacon.upgradeCore
FNDA:2,EnsoBeacon.upgradeCore
DA:100,2
BRDA:100,5,0,-
BRDA:100,5,1,2
DA:101,2
DA:102,2
DA:104,2
DA:105,2
FN:108,EnsoBeacon.upgradeFallback
FNDA:1,EnsoBeacon.upgradeFallback
DA:109,1
BRDA:109,6,0,-
BRDA:109,6,1,1
DA:110,1
BRDA:110,7,0,-
BRDA:110,7,1,1
DA:111,1
DA:112,1
DA:113,1
FN:116,EnsoBeacon.transferAdministration
FNDA:1,EnsoBeacon.transferAdministration
DA:117,1
BRDA:117,8,0,-
BRDA:117,8,1,1
DA:118,1
BRDA:118,9,0,-
BRDA:118,9,1,1
DA:119,1
DA:120,1
FN:123,EnsoBeacon.acceptAdministration
FNDA:1,EnsoBeacon.acceptAdministration
DA:124,1
BRDA:124,10,0,-
BRDA:124,10,1,1
DA:125,1
DA:126,1
DA:127,1
DA:128,1
FN:131,EnsoBeacon.renounceAdministration
FNDA:1,EnsoBeacon.renounceAdministration
DA:132,1
DA:133,1
DA:134,1
DA:135,1
DA:136,1
DA:137,1
DA:138,1
DA:139,1
FN:142,EnsoBeacon.transferDelegation
FNDA:1,EnsoBeacon.transferDelegation
DA:143,1
BRDA:143,11,0,-
BRDA:143,11,1,1
DA:144,1
BRDA:144,12,0,-
BRDA:144,12,1,1
DA:145,1
DA:146,1
FN:149,EnsoBeacon.acceptDelegation
FNDA:1,EnsoBeacon.acceptDelegation
DA:150,1
BRDA:150,13,0,-
BRDA:150,13,1,1
DA:151,1
DA:152,1
DA:153,1
DA:154,1
FN:157,EnsoBeacon.renounceDelegation
FNDA:1,EnsoBeacon.renounceDelegation
DA:158,1
DA:159,1
DA:160,1
FN:163,EnsoBeacon.transferOwnership
FNDA:1,EnsoBeacon.transferOwnership
DA:164,1
FN:167,EnsoBeacon.acceptOwnership
FNDA:2,EnsoBeacon.acceptOwnership
DA:168,2
FN:171,EnsoBeacon.setFactory
FNDA:1,EnsoBeacon.setFactory
DA:172,1
DA:173,1
FN:176,EnsoBeacon.setDelay
FNDA:1,EnsoBeacon.setDelay
DA:177,1
DA:178,1
FN:181,EnsoBeacon._upgradeCore
FNDA:3,EnsoBeacon._upgradeCore
DA:182,3
BRDA:182,14,0,-
BRDA:182,14,1,3
DA:184,3
DA:185,3
DA:186,3
FNF:16
FNH:16
LF:68
LH:67
BRF:30
BRH:14
end_of_record
TN:
SF:contracts/EnsoWallet.sol
FN:18,EnsoWallet.initialize
FNDA:0,EnsoWallet.initialize
DA:24,0
BRDA:24,0,0,-
BRDA:24,0,1,-
DA:25,0
DA:26,0
DA:27,0
DA:28,0
BRDA:28,1,0,-
BRDA:28,1,1,-
DA:29,0
FN:33,EnsoWallet.execute
FNDA:0,EnsoWallet.execute
DA:40,0
FN:44,EnsoWallet.executeShortcut
FNDA:0,EnsoWallet.executeShortcut
DA:50,0
FN:53,EnsoWallet._checkSigner
FNDA:0,EnsoWallet._checkSigner
DA:54,0
FNF:4
FNH:0
LF:9
LH:0
BRF:4
BRH:0
end_of_record
TN:
SF:contracts/EnsoWalletFactory.sol
FN:25,EnsoWalletFactory.initialize
FNDA:0,EnsoWalletFactory.initialize
DA:26,0
BRDA:26,0,0,-
BRDA:26,0,1,-
DA:27,0
FN:30,EnsoWalletFactory.deploy
FNDA:262,EnsoWalletFactory.deploy
DA:34,262
DA:35,262
DA:36,262
DA:37,262
FN:40,EnsoWalletFactory.deployCustom
FNDA:0,EnsoWalletFactory.deployCustom
DA:45,0
BRDA:45,1,0,-
BRDA:45,1,1,-
DA:46,0
DA:47,0
FN:50,EnsoWalletFactory.getAddress
FNDA:520,EnsoWalletFactory.getAddress
DA:51,520
FN:54,EnsoWalletFactory.getUserAddress
FNDA:0,EnsoWalletFactory.getUserAddress
DA:55,520
DA:56,520
FN:59,EnsoWalletFactory.getCustomAddress
FNDA:0,EnsoWalletFactory.getCustomAddress
DA:60,0
BRDA:60,2,0,-
BRDA:60,2,1,-
DA:61,0
DA:62,0
FN:65,EnsoWalletFactory._deploy
FNDA:0,EnsoWalletFactory._deploy
DA:71,0
DA:72,0
DA:73,0
FN:76,EnsoWalletFactory._predictDeterministicAddress
FNDA:520,EnsoWalletFactory._predictDeterministicAddress
DA:77,520
FN:83,EnsoWalletFactory._authorizeUpgrade
FNDA:2,EnsoWalletFactory._authorizeUpgrade
DA:85,2
BRDA:85,3,0,-
BRDA:85,3,1,2
FNF:9
FNH:4
LF:20
LH:9
BRF:8
BRH:1
end_of_record
TN:
SF:contracts/access/ACL.sol
FN:17,ACL.getPermission
FNDA:262,ACL.getPermission
DA:21,262
FN:24,ACL._getPermission
FNDA:534,ACL._getPermission
DA:28,534
DA:29,534
FN:32,ACL._getKey
FNDA:1059,ACL._getKey
DA:36,1059
FNF:3
FNH:3
LF:4
LH:4
BRF:0
BRH:0
end_of_record
TN:
SF:contracts/access/AccessController.sol
FN:15,AccessController.setPermission
FNDA:1,AccessController.setPermission
DA:20,1
BRDA:20,0,0,-
BRDA:20,0,1,1
DA:21,0
DA:22,1
FN:25,AccessController._setPermission
FNDA:525,AccessController._setPermission
DA:30,525
DA:31,525
DA:32,525
FNF:2
FNH:2
LF:6
LH:5
BRF:2
BRH:1
end_of_record
TN:
SF:contracts/access/Ownable.sol
FN:26,Ownable.transferOwnership
FNDA:3,Ownable.transferOwnership
DA:27,3
BRDA:27,0,0,-
BRDA:27,0,1,3
DA:28,3
DA:29,3
BRDA:29,1,0,-
BRDA:29,1,1,3
DA:30,3
DA:31,3
FN:34,Ownable.acceptOwnership
FNDA:3,Ownable.acceptOwnership
DA:35,3
BRDA:35,2,0,-
BRDA:35,2,1,3
DA:36,3
DA:37,3
DA:38,3
DA:39,3
FN:42,Ownable.owner
FNDA:4,Ownable.owner
DA:43,4
FNF:3
FNH:3
LF:11
LH:11
BRF:6
BRH:3
end_of_record
TN:
SF:contracts/helpers/EnsoShortcutsHelpers.sol
FN:16,EnsoShortcutsHelpers.getBalance
FNDA:0,EnsoShortcutsHelpers.getBalance
DA:17,0
FN:23,EnsoShortcutsHelpers.getBlockTimestamp
FNDA:0,EnsoShortcutsHelpers.getBlockTimestamp
DA:24,0
FN:30,EnsoShortcutsHelpers.bytesToString
FNDA:0,EnsoShortcutsHelpers.bytesToString
DA:31,0
FN:37,EnsoShortcutsHelpers.bytes32ToUint256
FNDA:0,EnsoShortcutsHelpers.bytes32ToUint256
DA:38,0
FN:44,EnsoShortcutsHelpers.bytes32ToAddress
FNDA:0,EnsoShortcutsHelpers.bytes32ToAddress
DA:45,0
FN:51,EnsoShortcutsHelpers.uint256ToInt256
FNDA:0,EnsoShortcutsHelpers.uint256ToInt256
DA:52,0
BRDA:52,0,0,-
BRDA:52,0,1,-
DA:53,0
FN:59,EnsoShortcutsHelpers.int256ToUint256
FNDA:0,EnsoShortcutsHelpers.int256ToUint256
DA:60,0
BRDA:60,1,0,-
BRDA:60,1,1,-
DA:61,0
FNF:7
FNH:0
LF:9
LH:0
BRF:4
BRH:0
end_of_record
TN:
SF:contracts/helpers/MathHelpers.sol
FN:17,MathHelpers.max
FNDA:0,MathHelpers.max
DA:18,0
FN:24,MathHelpers.min
FNDA:0,MathHelpers.min
DA:25,0
FN:32,MathHelpers.average
FNDA:0,MathHelpers.average
DA:33,0
FN:46,MathHelpers.add
FNDA:0,MathHelpers.add
DA:47,0
FN:60,MathHelpers.sub
FNDA:0,MathHelpers.sub
DA:61,0
FN:74,MathHelpers.mul
FNDA:0,MathHelpers.mul
DA:75,0
FN:88,MathHelpers.div
FNDA:0,MathHelpers.div
DA:89,0
FN:104,MathHelpers.mod
FNDA:0,MathHelpers.mod
DA:105,0
FNF:8
FNH:0
LF:8
LH:0
BRF:0
BRH:0
end_of_record
TN:
SF:contracts/helpers/SignedMathHelpers.sol
FN:24,SignedMathHelpers.add
FNDA:0,SignedMathHelpers.add
DA:25,0
FN:38,SignedMathHelpers.sub
FNDA:0,SignedMathHelpers.sub
DA:39,0
FN:52,SignedMathHelpers.mul
FNDA:0,SignedMathHelpers.mul
DA:53,0
FN:66,SignedMathHelpers.div
FNDA:0,SignedMathHelpers.div
DA:67,0
FN:73,SignedMathHelpers.max
FNDA:0,SignedMathHelpers.max
DA:74,0
FN:80,SignedMathHelpers.min
FNDA:0,SignedMathHelpers.min
DA:81,0
FN:88,SignedMathHelpers.average
FNDA:0,SignedMathHelpers.average
DA:89,0
DA:90,0
FN:96,SignedMathHelpers.abs
FNDA:0,SignedMathHelpers.abs
DA:98,0
FNF:8
FNH:0
LF:9
LH:0
BRF:0
BRH:0
end_of_record
TN:
SF:contracts/libraries/BeaconClones.sol
FN:16,BeaconClones.cloneDeterministic
FNDA:0,BeaconClones.cloneDeterministic
DA:26,0
DA:28,0
BRDA:28,0,0,-
BRDA:28,0,1,-
FN:34,BeaconClones.predictDeterministicAddress
FNDA:0,BeaconClones.predictDeterministicAddress
DA:51,0
FNF:2
FNH:0
LF:3
LH:0
BRF:2
BRH:0
end_of_record
TN:
SF:contracts/libraries/Clones.sol
FN:15,Clones.cloneDeterministic
FNDA:0,Clones.cloneDeterministic
DA:21,0
DA:23,0
BRDA:23,0,0,-
BRDA:23,0,1,-
FN:29,Clones.predictDeterministicAddress
FNDA:0,Clones.predictDeterministicAddress
DA:42,0
FNF:2
FNH:0
LF:3
LH:0
BRF:2
BRH:0
end_of_record
TN:
SF:contracts/libraries/StorageAPI.sol
FN:6,StorageAPI.setBytes
FNDA:0,StorageAPI.setBytes
DA:7,0
FN:23,StorageAPI.setBytes32
FNDA:0,StorageAPI.setBytes32
FN:29,StorageAPI.setAddress
FNDA:0,StorageAPI.setAddress
FN:35,StorageAPI.setUint256
FNDA:0,StorageAPI.setUint256
FN:41,StorageAPI.setInt256
FNDA:0,StorageAPI.setInt256
FN:47,StorageAPI.setBool
FNDA:0,StorageAPI.setBool
FN:53,StorageAPI.getBytes
FNDA:0,StorageAPI.getBytes
DA:54,0
FN:76,StorageAPI.getBytes32
FNDA:0,StorageAPI.getBytes32
DA:78,0
FN:82,StorageAPI.getAddress
FNDA:0,StorageAPI.getAddress
DA:84,0
FN:88,StorageAPI.getUint256
FNDA:0,StorageAPI.getUint256
DA:90,0
FN:94,StorageAPI.getInt256
FNDA:0,StorageAPI.getInt256
DA:96,0
FN:100,StorageAPI.getBool
FNDA:0,StorageAPI.getBool
DA:102,0
FNF:12
FNH:0
LF:7
LH:0
BRF:0
BRH:0
end_of_record
TN:
SF:contracts/libraries/UpgradeableClones.sol
FN:19,UpgradeableClones.cloneDeterministic
FNDA:0,UpgradeableClones.cloneDeterministic
DA:31,0
DA:33,0
BRDA:33,0,0,-
BRDA:33,0,1,-
FN:39,UpgradeableClones.predictDeterministicAddress
FNDA:0,UpgradeableClones.predictDeterministicAddress
DA:58,0
FNF:2
FNH:0
LF:3
LH:0
BRF:2
BRH:0
end_of_record
TN:
SF:contracts/proxy/BeaconProxy.sol
FN:11,BeaconProxy.
FNDA:0,BeaconProxy.
DA:12,0
DA:17,0
BRDA:17,0,0,-
FNF:1
FNH:0
LF:2
LH:0
BRF:1
BRH:0
end_of_record
TN:
SF:contracts/proxy/BeaconProxyTemplate.sol
FN:9,BeaconProxyTemplate.
FNDA:0,BeaconProxyTemplate.
DA:15,0
BRDA:15,0,0,-
FNF:1
FNH:0
LF:1
LH:0
BRF:1
BRH:0
end_of_record
TN:
SF:contracts/proxy/UpgradeableProxy.sol
FN:13,UpgradeableProxy.
FNDA:791,UpgradeableProxy.
FNF:1
FNH:1
LF:0
LH:0
BRF:0
BRH:0
end_of_record
TN:
SF:contracts/proxy/UpgradeableProxyTemplate.sol
FN:18,UpgradeableProxyTemplate.
FNDA:0,UpgradeableProxyTemplate.
FNF:1
FNH:0
LF:0
LH:0
BRF:0
BRH:0
end_of_record
TN:
SF:contracts/test/ApprovableMinimalWallet.sol
FN:7,ApprovableMinimalWallet.approveERC20
FNDA:2,ApprovableMinimalWallet.approveERC20
DA:8,2
FN:11,ApprovableMinimalWallet.approveERC721
FNDA:2,ApprovableMinimalWallet.approveERC721
DA:12,2
FN:15,ApprovableMinimalWallet.approveERC1155
FNDA:2,ApprovableMinimalWallet.approveERC1155
DA:16,2
FNF:3
FNH:3
LF:3
LH:3
BRF:0
BRH:0
end_of_record
TN:
SF:contracts/test/DestructEnsoWallet.sol
FN:9,Destroyer.kill
FNDA:2,Destroyer.kill
DA:10,2
DA:11,0
FN:25,DestructEnsoWallet.initialize
FNDA:3,DestructEnsoWallet.initialize
DA:31,3
BRDA:31,0,0,-
BRDA:31,0,1,3
DA:32,3
DA:33,3
DA:34,3
DA:35,3
BRDA:35,1,0,-
BRDA:35,1,1,3
DA:36,0
FN:40,DestructEnsoWallet.executeShortcut
FNDA:2,DestructEnsoWallet.executeShortcut
DA:41,2
DA:42,2
DA:45,2
DA:46,2
FNF:3
FNH:3
LF:12
LH:10
BRF:4
BRH:2
end_of_record
TN:
SF:contracts/test/DumbEnsoWallet.sol
FN:19,DumbEnsoWallet.initialize
FNDA:259,DumbEnsoWallet.initialize
DA:25,259
BRDA:25,0,0,-
BRDA:25,0,1,259
DA:26,259
DA:27,259
DA:28,259
DA:29,259
BRDA:29,1,0,257
BRDA:29,1,1,259
DA:30,257
FN:34,DumbEnsoWallet.executeShortcut
FNDA:259,DumbEnsoWallet.executeShortcut
DA:35,259
FN:38,DumbEnsoWallet._execute
FNDA:516,DumbEnsoWallet._execute
DA:39,516
DA:40,516
DA:41,516
FNF:3
FNH:3
LF:10
LH:10
BRF:4
BRH:3
end_of_record
TN:
SF:contracts/test/Events.sol
FN:10,Events.logBytes
FNDA:0,Events.logBytes
DA:11,0
FN:14,Events.logString
FNDA:0,Events.logString
DA:15,0
FN:18,Events.logBytes32
FNDA:0,Events.logBytes32
DA:19,0
FN:22,Events.logUint
FNDA:0,Events.logUint
DA:23,0
FNF:4
FNH:0
LF:4
LH:0
BRF:0
BRH:0
end_of_record
TN:
SF:contracts/test/MockFactoryUpgrade.sol
FN:10,MockFactoryUpgrade.newFunctionTest
FNDA:2,MockFactoryUpgrade.newFunctionTest
DA:11,2
FNF:1
FNH:1
LF:1
LH:1
BRF:0
BRH:0
end_of_record
TN:
SF:contracts/test/MockWalletUpgrade.sol
FN:7,MockWalletUpgrade.newFunctionTest
FNDA:2,MockWalletUpgrade.newFunctionTest
DA:8,2
FNF:1
FNH:1
LF:1
LH:1
BRF:0
BRH:0
end_of_record
TN:
SF:contracts/test/OwnershipTester.sol
FN:12,OwnershipTester.acceptOwnership
FNDA:0,OwnershipTester.acceptOwnership
DA:13,0
FN:16,OwnershipTester.acceptAdministration
FNDA:1,OwnershipTester.acceptAdministration
DA:17,1
FN:20,OwnershipTester.acceptDelegation
FNDA:1,OwnershipTester.acceptDelegation
DA:21,1
FNF:3
FNH:2
LF:3
LH:2
BRF:0
BRH:0
end_of_record
TN:
SF:contracts/test/PayableEvents.sol
FN:10,PayableEvents.logBytes
FNDA:0,PayableEvents.logBytes
DA:11,0
FN:14,PayableEvents.logString
FNDA:0,PayableEvents.logString
DA:15,0
FN:18,PayableEvents.logBytes32
FNDA:0,PayableEvents.logBytes32
DA:19,0
FN:22,PayableEvents.logUint
FNDA:0,PayableEvents.logUint
DA:23,0
FN:26,PayableEvents.logValue
FNDA:0,PayableEvents.logValue
DA:27,0
FNF:5
FNH:0
LF:5
LH:0
BRF:0
BRH:0
end_of_record
TN:
SF:contracts/test/TupleFactory.sol
FN:38,TupleFactory.allTypesTuple
FNDA:0,TupleFactory.allTypesTuple
DA:50,0
FNF:1
FNH:0
LF:1
LH:0
BRF:0
BRH:0
end_of_record
TN:
SF:contracts/wallet/ERC1271.sol
FN:14,ERC1271.isValidSignature
FNDA:0,ERC1271.isValidSignature
DA:23,0
DA:24,0
FN:27,ERC1271.isValidSignature
FNDA:0,ERC1271.isValidSignature
DA:36,0
DA:37,0
FN:43,ERC1271._getEthSignedMessageHash
FNDA:0,ERC1271._getEthSignedMessageHash
DA:44,0
FN:50,ERC1271._uint2str
FNDA:0,ERC1271._uint2str
DA:51,0
BRDA:51,0,0,-
BRDA:51,0,1,-
DA:52,0
DA:54,0
DA:55,0
DA:56,0
DA:57,0
DA:58,0
DA:59,0
DA:61,0
DA:62,0
DA:63,0
DA:64,0
DA:65,0
DA:67,0
FNF:4
FNH:0
LF:19
LH:0
BRF:2
BRH:0
end_of_record
TN:
SF:contracts/wallet/MinimalWallet.sol
FN:42,MinimalWallet.withdraw
FNDA:1,MinimalWallet.withdraw
DA:43,1
DA:44,1
DA:45,1
DA:46,1
DA:48,1
DA:49,1
DA:50,4
DA:51,4
DA:52,4
BRDA:52,0,0,-
BRDA:52,0,1,1
DA:53,1
DA:54,1
BRDA:54,1,0,-
BRDA:54,1,1,1
DA:55,1
DA:56,3
BRDA:56,2,0,-
BRDA:56,2,1,1
DA:57,1
DA:58,1
BRDA:58,3,0,-
BRDA:58,3,1,1
DA:59,1
DA:60,2
BRDA:60,4,0,1
BRDA:60,4,1,1
DA:61,1
DA:62,1
DA:63,1
BRDA:63,5,0,1
BRDA:63,5,1,1
DA:64,1
DA:65,1
DA:66,1
DA:68,4
FN:72,MinimalWallet.withdrawETH
FNDA:2,MinimalWallet.withdrawETH
DA:73,2
FN:76,MinimalWallet.withdrawERC20s
FNDA:1,MinimalWallet.withdrawERC20s
DA:80,1
DA:81,1
BRDA:81,6,0,-
BRDA:81,6,1,1
DA:82,1
DA:83,1
DA:84,1
FN:88,MinimalWallet.withdrawERC721s
FNDA:1,MinimalWallet.withdrawERC721s
DA:92,1
FN:95,MinimalWallet.withdrawERC1155s
FNDA:1,MinimalWallet.withdrawERC1155s
DA:100,1
FN:103,MinimalWallet.revokeApprovals
FNDA:1,MinimalWallet.revokeApprovals
DA:104,1
DA:105,1
DA:107,1
DA:108,1
DA:109,4
DA:110,4
DA:111,4
BRDA:111,7,0,1
BRDA:111,7,1,3
DA:112,1
DA:113,3
BRDA:113,8,0,1
BRDA:113,8,1,2
DA:114,1
DA:115,2
BRDA:115,9,0,1
BRDA:115,9,1,2
DA:116,1
DA:118,4
FN:122,MinimalWallet.revokeERC20Approvals
FNDA:1,MinimalWallet.revokeERC20Approvals
DA:126,1
FN:129,MinimalWallet.revokeERC721Approvals
FNDA:1,MinimalWallet.revokeERC721Approvals
DA:133,1
FN:136,MinimalWallet.revokeERC1155Approvals
FNDA:1,MinimalWallet.revokeERC1155Approvals
DA:140,1
FN:147,MinimalWallet._withdrawETH
FNDA:3,MinimalWallet._withdrawETH
DA:148,3
DA:149,3
BRDA:149,10,0,-
BRDA:149,10,1,3
FN:152,MinimalWallet._withdrawERC20
FNDA:2,MinimalWallet._withdrawERC20
DA:156,2
FN:159,MinimalWallet._withdrawERC721s
FNDA:2,MinimalWallet._withdrawERC721s
DA:163,2
DA:164,2
DA:165,3
DA:166,3
FN:170,MinimalWallet._withdrawERC1155s
FNDA:2,MinimalWallet._withdrawERC1155s
DA:176,2
FN:179,MinimalWallet._revokeERC20Approvals
FNDA:2,MinimalWallet._revokeERC20Approvals
DA:183,2
DA:184,2
DA:185,2
DA:186,2
FN:190,MinimalWallet._revokeERC721Approvals
FNDA:2,MinimalWallet._revokeERC721Approvals
DA:194,2
DA:195,2
DA:196,2
DA:197,2
FN:201,MinimalWallet._revokeERC1155Approvals
FNDA:2,MinimalWallet._revokeERC1155Approvals
DA:205,2
DA:206,2
DA:207,2
DA:208,2
FNF:16
FNH:16
LF:68
LH:68
BRF:22
BRH:16
end_of_record
TN:
SF:test/forge/EnsoWalletUser.t.sol
FN:21,EnsoWalletUser.deployEnsoWallet
FNDA:259,EnsoWalletUser.deployEnsoWallet
DA:22,259
DA:23,259
DA:24,259
DA:25,259
DA:26,259
FN:29,EnsoWalletUser.setPermission
FNDA:1,EnsoWalletUser.setPermission
DA:30,1
FNF:2
FNH:2
LF:6
LH:6
BRF:0
BRH:0
end_of_record
